#
# There is insufficient memory for the Java Runtime Environment to continue.
# Native memory allocation (malloc) failed to allocate 2546384 bytes. Error detail: Chunk::new
# Possible reasons:
#   The system is out of physical RAM or swap space
#   This process is running with CompressedOops enabled, and the Java Heap may be blocking the growth of the native heap
# Possible solutions:
#   Reduce memory load on the system
#   Increase physical memory or swap space
#   Check if swap backing store is full
#   Decrease Java heap size (-Xmx/-Xms)
#   Decrease number of Java threads
#   Decrease Java thread stack sizes (-Xss)
#   Set larger code cache with -XX:ReservedCodeCacheSize=
#   JVM is running with Zero Based Compressed Oops mode in which the Java heap is
#     placed in the first 32GB address space. The Java Heap base address is the
#     maximum limit for the native heap growth. Please use -XX:HeapBaseMinAddress
#     to set the Java Heap base and to place the Java Heap above 32GB virtual address.
# This output file may be truncated or incomplete.
#
#  Out of Memory Error (arena.cpp:149), pid=16172, tid=32308
#
# JRE version: OpenJDK Runtime Environment (23.0.1+11) (build 23.0.1+11-39)
# Java VM: OpenJDK 64-Bit Server VM (23.0.1+11-39, mixed mode, sharing, tiered, compressed oops, compressed class ptrs, g1 gc, windows-amd64)
# No core dump will be written. Minidumps are not enabled by default on client versions of Windows
#

---------------  S U M M A R Y ------------

Command Line: -agentlib:jdwp=transport=dt_socket,address=127.0.0.1:57349,suspend=y,server=n -javaagent:C:\Users\nilson\AppData\Local\JetBrains\IdeaIC2024.3\captureAgent\debugger-agent.jar -Dkotlinx.coroutines.debug.enable.creation.stack.trace=false -Ddebugger.agent.enable.coroutines=true -Dkotlinx.coroutines.debug.enable.flows.stack.trace=true -Dkotlinx.coroutines.debug.enable.mutable.state.flows.stack.trace=true -Dfile.encoding=UTF-8 -Dsun.stdout.encoding=UTF-8 -Dsun.stderr.encoding=UTF-8 br.com.vr.miniautorizador.MiniautorizadorApplication

Host: Intel(R) Core(TM) i7-3770S CPU @ 3.10GHz, 8 cores, 15G,  Windows 11 , 64 bit Build 22621 (10.0.22621.5415)
Time: Fri Jan 16 12:04:52 2026 E. South America Standard Time elapsed time: 9.633432 seconds (0d 0h 0m 9s)

---------------  T H R E A D  ---------------

Current thread (0x000001d1934e1ff0):  JavaThread "C2 CompilerThread0" daemon [_thread_in_native, id=32308, stack(0x000000b2a7b00000,0x000000b2a7c00000) (1024K)]


Current CompileTask:
C2:9633 5328       4       org.springframework.core.annotation.AnnotationsScanner::process (55 bytes)

Stack: [0x000000b2a7b00000,0x000000b2a7c00000]
Native frames: (J=compiled Java code, j=interpreted, Vv=VM code, C=native code)
V  [jvm.dll+0x6e08b9]  (no source info available)
V  [jvm.dll+0x87dc83]  (no source info available)
V  [jvm.dll+0x88010e]  (no source info available)
V  [jvm.dll+0x8807e3]  (no source info available)
V  [jvm.dll+0x27aee6]  (no source info available)
V  [jvm.dll+0xbc06f]  (no source info available)
V  [jvm.dll+0xbc2cb]  (no source info available)
V  [jvm.dll+0x3b3a9c]  (no source info available)
V  [jvm.dll+0x1dc19c]  (no source info available)
V  [jvm.dll+0x244be5]  (no source info available)
V  [jvm.dll+0x243dff]  (no source info available)
V  [jvm.dll+0x1c33a0]  (no source info available)
V  [jvm.dll+0x253cf1]  (no source info available)
V  [jvm.dll+0x251faa]  (no source info available)
V  [jvm.dll+0x3ee036]  (no source info available)
V  [jvm.dll+0x824f8b]  (no source info available)
V  [jvm.dll+0x6df065]  (no source info available)
C  [ucrtbase.dll+0x29333]  (no source info available)
C  [KERNEL32.DLL+0x1259d]  (no source info available)
C  [ntdll.dll+0x5af78]  (no source info available)

Lock stack of current Java thread (top to bottom):


---------------  P R O C E S S  ---------------

Threads class SMR info:
_java_thread_list=0x000001d1dca8d850, length=21, elements={
0x000001d1f3e29340, 0x000001d1934d2550, 0x000001d1934d3470, 0x000001d1934d55d0,
0x000001d1934d8140, 0x000001d1934d8ba0, 0x000001d1934d9600, 0x000001d1934e1ff0,
0x000001d193518070, 0x000001d1935d8cf0, 0x000001d193722460, 0x000001d1937b3000,
0x000001d193727ef0, 0x000001d193867c00, 0x000001d1dcfb72a0, 0x000001d1dcfba720,
0x000001d1dcfb8ce0, 0x000001d1dcfbb440, 0x000001d1df2de030, 0x000001d1df2dcc80,
0x000001d1dd8a11a0
}

Java Threads: ( => current thread )
  0x000001d1f3e29340 JavaThread "main"                              [_thread_in_native, id=31564, stack(0x000000b2a6d00000,0x000000b2a6e00000) (1024K)] _threads_hazard_ptr=0x000001d1dca8d850
  0x000001d1934d2550 JavaThread "Reference Handler"          daemon [_thread_blocked, id=16040, stack(0x000000b2a7500000,0x000000b2a7600000) (1024K)]
  0x000001d1934d3470 JavaThread "Finalizer"                  daemon [_thread_blocked, id=32032, stack(0x000000b2a7600000,0x000000b2a7700000) (1024K)]
  0x000001d1934d55d0 JavaThread "Signal Dispatcher"          daemon [_thread_blocked, id=8632, stack(0x000000b2a7700000,0x000000b2a7800000) (1024K)]
  0x000001d1934d8140 JavaThread "Attach Listener"            daemon [_thread_blocked, id=15852, stack(0x000000b2a7800000,0x000000b2a7900000) (1024K)]
  0x000001d1934d8ba0 JavaThread "Service Thread"             daemon [_thread_blocked, id=33700, stack(0x000000b2a7900000,0x000000b2a7a00000) (1024K)]
  0x000001d1934d9600 JavaThread "Monitor Deflation Thread"   daemon [_thread_blocked, id=11808, stack(0x000000b2a7a00000,0x000000b2a7b00000) (1024K)]
=>0x000001d1934e1ff0 JavaThread "C2 CompilerThread0"         daemon [_thread_in_native, id=32308, stack(0x000000b2a7b00000,0x000000b2a7c00000) (1024K)]
  0x000001d193518070 JavaThread "C1 CompilerThread0"         daemon [_thread_blocked, id=28784, stack(0x000000b2a7c00000,0x000000b2a7d00000) (1024K)]
  0x000001d1935d8cf0 JavaThread "Common-Cleaner"             daemon [_thread_blocked, id=34092, stack(0x000000b2a7d00000,0x000000b2a7e00000) (1024K)]
  0x000001d193722460 JavaThread "JDWP Transport Listener: dt_socket" daemon [_thread_blocked, id=4868, stack(0x000000b2a7f00000,0x000000b2a8000000) (1024K)]
  0x000001d1937b3000 JavaThread "JDWP Event Helper Thread"   daemon [_thread_blocked, id=33016, stack(0x000000b2a8000000,0x000000b2a8100000) (1024K)]
  0x000001d193727ef0 JavaThread "JDWP Command Reader"        daemon [_thread_in_native, id=33984, stack(0x000000b2a8100000,0x000000b2a8200000) (1024K)]
  0x000001d193867c00 JavaThread "Notification Thread"        daemon [_thread_blocked, id=31236, stack(0x000000b2a8200000,0x000000b2a8300000) (1024K)]
  0x000001d1dcfb72a0 JavaThread "Catalina-utility-1"                [_thread_blocked, id=33376, stack(0x000000b2a8a00000,0x000000b2a8b00000) (1024K)]
  0x000001d1dcfba720 JavaThread "Catalina-utility-2"                [_thread_blocked, id=33840, stack(0x000000b2a8d00000,0x000000b2a8e00000) (1024K)]
  0x000001d1dcfb8ce0 JavaThread "container-0"                       [_thread_blocked, id=28192, stack(0x000000b2a8e00000,0x000000b2a8f00000) (1024K)]
  0x000001d1dcfbb440 JavaThread "mysql-cj-abandoned-connection-cleanup" daemon [_thread_blocked, id=28852, stack(0x000000b2a8f00000,0x000000b2a9000000) (1024K)]
  0x000001d1df2de030 JavaThread "HikariPool-1:housekeeper"   daemon [_thread_blocked, id=33220, stack(0x000000b2a9000000,0x000000b2a9100000) (1024K)]
  0x000001d1df2dcc80 JavaThread "HikariPool-1:connection-adder" daemon [_thread_blocked, id=22604, stack(0x000000b2a9100000,0x000000b2a9200000) (1024K)]
  0x000001d1dd8a11a0 JavaThread "C2 CompilerThread1"         daemon [_thread_in_native, id=27356, stack(0x000000b2a7e00000,0x000000b2a7f00000) (1024K)]
Total: 21

Other Threads:
  0x000001d1934bf420 VMThread "VM Thread"                           [id=21816, stack(0x000000b2a7400000,0x000000b2a7500000) (1024K)]
  0x000001d1934abb70 WatcherThread "VM Periodic Task Thread"        [id=15544, stack(0x000000b2a7300000,0x000000b2a7400000) (1024K)]
  0x000001d1f3e92d00 WorkerThread "GC Thread#0"                     [id=27612, stack(0x000000b2a6e00000,0x000000b2a6f00000) (1024K)]
  0x000001d1d9da9610 WorkerThread "GC Thread#1"                     [id=15876, stack(0x000000b2a8300000,0x000000b2a8400000) (1024K)]
  0x000001d1d9e2b030 WorkerThread "GC Thread#2"                     [id=33364, stack(0x000000b2a8400000,0x000000b2a8500000) (1024K)]
  0x000001d1d9dab360 WorkerThread "GC Thread#3"                     [id=31052, stack(0x000000b2a8500000,0x000000b2a8600000) (1024K)]
  0x000001d1d9dcc570 WorkerThread "GC Thread#4"                     [id=29168, stack(0x000000b2a8600000,0x000000b2a8700000) (1024K)]
  0x000001d1d9dc8840 WorkerThread "GC Thread#5"                     [id=19424, stack(0x000000b2a8700000,0x000000b2a8800000) (1024K)]
  0x000001d1d9e6cfe0 WorkerThread "GC Thread#6"                     [id=19212, stack(0x000000b2a8800000,0x000000b2a8900000) (1024K)]
  0x000001d1d9e6d390 WorkerThread "GC Thread#7"                     [id=27940, stack(0x000000b2a8900000,0x000000b2a8a00000) (1024K)]
  0x000001d1f3ea7dd0 ConcurrentGCThread "G1 Main Marker"            [id=33504, stack(0x000000b2a6f00000,0x000000b2a7000000) (1024K)]
  0x000001d1f3ea88e0 WorkerThread "G1 Conc#0"                       [id=32588, stack(0x000000b2a7000000,0x000000b2a7100000) (1024K)]
  0x000001d1da4d8c90 WorkerThread "G1 Conc#1"                       [id=24636, stack(0x000000b2a8b00000,0x000000b2a8c00000) (1024K)]
  0x000001d1f3ede9c0 ConcurrentGCThread "G1 Refine#0"               [id=30384, stack(0x000000b2a7100000,0x000000b2a7200000) (1024K)]
  0x000001d193365860 ConcurrentGCThread "G1 Service"                [id=27508, stack(0x000000b2a7200000,0x000000b2a7300000) (1024K)]
Total: 15

Threads with active compile tasks:
C2 CompilerThread0  9736 5328       4       org.springframework.core.annotation.AnnotationsScanner::process (55 bytes)
C2 CompilerThread1  9736 5327       4       org.springframework.core.annotation.AnnotationsScanner::scan (21 bytes)
Total: 2

VM state: not at safepoint (normal execution)

VM Mutex/Monitor currently owned by a thread: None

Heap address: 0x0000000700e00000, size: 4082 MB, Compressed Oops mode: Zero based, Oop shift amount: 3

CDS archive(s) mapped at: [0x000001d194000000-0x000001d194d70000-0x000001d194d70000), size 14090240, SharedBaseAddress: 0x000001d194000000, ArchiveRelocationMode: 1.
Compressed class space mapped at: 0x000001d195000000-0x000001d1d5000000, reserved size: 1073741824
Narrow klass base: 0x000001d194000000, Narrow klass shift: 0, Narrow klass range: 0x41000000

GC Precious Log:
 CardTable entry size: 512
 Card Set container configuration: InlinePtr #cards 4 size 8 Array Of Cards #cards 16 size 48 Howl #buckets 8 coarsen threshold 3686 Howl Bitmap #cards 512 size 80 coarsen threshold 460 Card regions per heap region 1 cards per card region 4096
 CPUs: 8 total, 8 available
 Memory: 16326M
 Large Page Support: Disabled
 NUMA Support: Disabled
 Compressed Oops: Enabled (Zero based)
 Heap Region Size: 2M
 Heap Min Capacity: 8M
 Heap Initial Capacity: 256M
 Heap Max Capacity: 4082M
 Pre-touch: Disabled
 Parallel Workers: 8
 Concurrent Workers: 2
 Concurrent Refinement Workers: 8
 Periodic GC: Disabled

Heap:
 garbage-first heap   total reserved 4179968K, committed 69632K, used 34034K [0x0000000700e00000, 0x0000000800000000)
  region size 2048K, 7 young (14336K), 2 survivors (4096K)
 Metaspace       used 67746K, committed 68352K, reserved 1114112K
  class space    used 9076K, committed 9344K, reserved 1048576K

Heap Regions: E=young(eden), S=young(survivor), O=old, HS=humongous(starts), HC=humongous(continues), CS=collection set, F=free, TAMS=top-at-mark-start, PB=parsable bottom
|   0|0x0000000700e00000, 0x0000000701000000, 0x0000000701000000|100%| O|  |TAMS 0x0000000700e00000| PB 0x0000000700e00000| Untracked |  0
|   1|0x0000000701000000, 0x0000000701200000, 0x0000000701200000|100%| O|  |TAMS 0x0000000701000000| PB 0x0000000701000000| Untracked |  0
|   2|0x0000000701200000, 0x0000000701400000, 0x0000000701400000|100%| O|  |TAMS 0x0000000701200000| PB 0x0000000701200000| Untracked |  0
|   3|0x0000000701400000, 0x0000000701600000, 0x0000000701600000|100%| O|  |TAMS 0x0000000701400000| PB 0x0000000701400000| Untracked |  0
|   4|0x0000000701600000, 0x0000000701800000, 0x0000000701800000|100%| O|  |TAMS 0x0000000701600000| PB 0x0000000701600000| Untracked |  0
|   5|0x0000000701800000, 0x0000000701a00000, 0x0000000701a00000|100%| O|  |TAMS 0x0000000701800000| PB 0x0000000701800000| Untracked |  0
|   6|0x0000000701a00000, 0x0000000701c00000, 0x0000000701c00000|100%| O|  |TAMS 0x0000000701a00000| PB 0x0000000701a00000| Untracked |  0
|   7|0x0000000701c00000, 0x0000000701dfbae8, 0x0000000701e00000| 99%| O|Cm|TAMS 0x0000000701c00000| PB 0x0000000701c00000| Complete |  0
|   8|0x0000000701e00000, 0x0000000702000000, 0x0000000702000000|100%| O|  |TAMS 0x0000000701e00000| PB 0x0000000701e00000| Untracked |  0
|   9|0x0000000702000000, 0x0000000702200000, 0x0000000702200000|100%| O|  |TAMS 0x0000000702000000| PB 0x0000000702000000| Untracked |  0
|  10|0x0000000702200000, 0x0000000702400000, 0x0000000702400000|100%| O|  |TAMS 0x0000000702200000| PB 0x0000000702200000| Untracked |  0
|  11|0x0000000702400000, 0x00000007025a6770, 0x0000000702600000| 82%| O|  |TAMS 0x0000000702400000| PB 0x0000000702400000| Untracked |  0
|  12|0x0000000702600000, 0x0000000702600000, 0x0000000702800000|  0%| F|  |TAMS 0x0000000702600000| PB 0x0000000702600000| Untracked |  0
|  13|0x0000000702800000, 0x0000000702800000, 0x0000000702a00000|  0%| F|  |TAMS 0x0000000702800000| PB 0x0000000702800000| Untracked |  0
|  14|0x0000000702a00000, 0x0000000702a00000, 0x0000000702c00000|  0%| F|  |TAMS 0x0000000702a00000| PB 0x0000000702a00000| Untracked |  0
|  15|0x0000000702c00000, 0x0000000702d9a820, 0x0000000702e00000| 80%| S|CS|TAMS 0x0000000702c00000| PB 0x0000000702c00000| Complete |  0
|  16|0x0000000702e00000, 0x0000000703000000, 0x0000000703000000|100%| S|CS|TAMS 0x0000000702e00000| PB 0x0000000702e00000| Complete |  0
|  17|0x0000000703000000, 0x0000000703000000, 0x0000000703200000|  0%| F|  |TAMS 0x0000000703000000| PB 0x0000000703000000| Untracked |  0
|  18|0x0000000703200000, 0x0000000703200000, 0x0000000703400000|  0%| F|  |TAMS 0x0000000703200000| PB 0x0000000703200000| Untracked |  0
|  19|0x0000000703400000, 0x0000000703400000, 0x0000000703600000|  0%| F|  |TAMS 0x0000000703400000| PB 0x0000000703400000| Untracked |  0
|  20|0x0000000703600000, 0x0000000703600000, 0x0000000703800000|  0%| F|  |TAMS 0x0000000703600000| PB 0x0000000703600000| Untracked |  0
|  21|0x0000000703800000, 0x0000000703800000, 0x0000000703a00000|  0%| F|  |TAMS 0x0000000703800000| PB 0x0000000703800000| Untracked |  0
|  22|0x0000000703a00000, 0x0000000703a00000, 0x0000000703c00000|  0%| F|  |TAMS 0x0000000703a00000| PB 0x0000000703a00000| Untracked |  0
|  23|0x0000000703c00000, 0x0000000703c00000, 0x0000000703e00000|  0%| F|  |TAMS 0x0000000703c00000| PB 0x0000000703c00000| Untracked |  0
|  24|0x0000000703e00000, 0x0000000703e00000, 0x0000000704000000|  0%| F|  |TAMS 0x0000000703e00000| PB 0x0000000703e00000| Untracked |  0
|  25|0x0000000704000000, 0x0000000704000000, 0x0000000704200000|  0%| F|  |TAMS 0x0000000704000000| PB 0x0000000704000000| Untracked |  0
|  26|0x0000000704200000, 0x0000000704200000, 0x0000000704400000|  0%| F|  |TAMS 0x0000000704200000| PB 0x0000000704200000| Untracked |  0
|  27|0x0000000704400000, 0x0000000704400000, 0x0000000704600000|  0%| F|  |TAMS 0x0000000704400000| PB 0x0000000704400000| Untracked |  0
|  28|0x0000000704600000, 0x0000000704600000, 0x0000000704800000|  0%| F|  |TAMS 0x0000000704600000| PB 0x0000000704600000| Untracked |  0
|  29|0x0000000704800000, 0x000000070491e3c0, 0x0000000704a00000| 55%| E|  |TAMS 0x0000000704800000| PB 0x0000000704800000| Complete |  1
|  30|0x0000000704a00000, 0x0000000704c00000, 0x0000000704c00000|100%| E|  |TAMS 0x0000000704a00000| PB 0x0000000704a00000| Complete |  0
|  67|0x0000000709400000, 0x0000000709600000, 0x0000000709600000|100%| E|CS|TAMS 0x0000000709400000| PB 0x0000000709400000| Complete |  0
|  68|0x0000000709600000, 0x0000000709800000, 0x0000000709800000|100%| E|CS|TAMS 0x0000000709600000| PB 0x0000000709600000| Complete |  0
| 127|0x0000000710c00000, 0x0000000710e00000, 0x0000000710e00000|100%| E|CS|TAMS 0x0000000710c00000| PB 0x0000000710c00000| Complete |  0

Card table byte_map: [0x000001d1fd1a0000,0x000001d1fd9a0000] _byte_map_base: 0x000001d1f9999000

Marking Bits: (CMBitMap*) 0x000001d1f3e93410
 Bits: [0x000001d18f000000, 0x000001d192fc8000)

Polling page: 0x000001d1f35e0000

Metaspace:

Usage:
  Non-class:     57.95 MB used.
      Class:      9.14 MB used.
       Both:     67.09 MB used.

Virtual space:
  Non-class space:       64.00 MB reserved,      58.31 MB ( 91%) committed,  1 nodes.
      Class space:        1.00 GB reserved,       9.38 MB ( <1%) committed,  1 nodes.
             Both:        1.06 GB reserved,      67.69 MB (  6%) committed. 

Chunk freelists:
   Non-Class:  5.09 MB
       Class:  6.62 MB
        Both:  11.72 MB

MaxMetaspaceSize: unlimited
CompressedClassSpaceSize: 1.00 GB
Initial GC threshold: 21.00 MB
Current GC threshold: 98.44 MB
CDS: on
 - commit_granule_bytes: 65536.
 - commit_granule_words: 8192.
 - virtual_space_node_default_size: 8388608.
 - enlarge_chunks_in_place: 1.
 - use_allocation_guard: 0.


Internal statistics:

num_allocs_failed_limit: 9.
num_arena_births: 770.
num_arena_deaths: 0.
num_vsnodes_births: 2.
num_vsnodes_deaths: 0.
num_space_committed: 1083.
num_space_uncommitted: 0.
num_chunks_returned_to_freelist: 9.
num_chunks_taken_from_freelist: 2955.
num_chunk_merges: 9.
num_chunk_splits: 2177.
num_chunks_enlarged: 1745.
num_inconsistent_stats: 0.

CodeHeap 'non-profiled nmethods': size=120064Kb used=2396Kb max_used=2484Kb free=117668Kb
 bounds [0x000001d187ac0000, 0x000001d187d30000, 0x000001d18f000000]
CodeHeap 'profiled nmethods': size=120000Kb used=7810Kb max_used=7982Kb free=112189Kb
 bounds [0x000001d180000000, 0x000001d1807e0000, 0x000001d187530000]
CodeHeap 'non-nmethods': size=5696Kb used=1716Kb max_used=1734Kb free=3979Kb
 bounds [0x000001d187530000, 0x000001d1877a0000, 0x000001d187ac0000]
CodeCache: size=245760Kb, used=11922Kb, max_used=12200Kb, free=233836Kb
 total_blobs=5527, nmethods=4818, adapters=613, full_count=0
Compilation: enabled, stopped_count=0, restarted_count=0

Compilation events (20 events):
Event: 9.474 Thread 0x000001d193518070 5409       3       org.springframework.data.repository.core.support.MethodLookups::lambda$direct$0 (45 bytes)
Event: 9.475 Thread 0x000001d193518070 nmethod 5409 0x000001d180185108 code [0x000001d1801852c0, 0x000001d180185bc0]
Event: 9.475 Thread 0x000001d193518070 5412       3       java.util.Collections$2::characteristics (33 bytes)
Event: 9.475 Thread 0x000001d193518070 nmethod 5412 0x000001d180407988 code [0x000001d180407aa0, 0x000001d180407c10]
Event: 9.475 Thread 0x000001d193518070 5407       1       java.util.Collections$2::estimateSize (5 bytes)
Event: 9.475 Thread 0x000001d193518070 nmethod 5407 0x000001d187b73d08 code [0x000001d187b73e20, 0x000001d187b73ee8]
Event: 9.475 Thread 0x000001d193518070 5411       3       java.util.stream.FindOps$FindSink$OfRef::get (5 bytes)
Event: 9.475 Thread 0x000001d193518070 nmethod 5411 0x000001d1801a7788 code [0x000001d1801a7900, 0x000001d1801a7e28]
Event: 9.475 Thread 0x000001d193518070 5413       3       java.util.stream.ReferencePipeline::findFirst (12 bytes)
Event: 9.476 Thread 0x000001d193518070 nmethod 5413 0x000001d1801a7288 code [0x000001d1801a73c0, 0x000001d1801a7660]
Event: 9.476 Thread 0x000001d193518070 5414       3       java.util.stream.FindOps$FindSink$OfRef$$Lambda/0x80000004d::get (8 bytes)
Event: 9.476 Thread 0x000001d193518070 nmethod 5414 0x000001d1802d4988 code [0x000001d1802d4ac0, 0x000001d1802d4d48]
Event: 9.480 Thread 0x000001d193518070 5415       1       java.lang.Module::getName (5 bytes)
Event: 9.480 Thread 0x000001d193518070 nmethod 5415 0x000001d187b73a08 code [0x000001d187b73b20, 0x000001d187b73bf0]
Event: 9.484 Thread 0x000001d193518070 5416       3       java.lang.Iterable::spliterator (11 bytes)
Event: 9.485 Thread 0x000001d193518070 nmethod 5416 0x000001d1803a3c08 code [0x000001d1803a3d80, 0x000001d1803a43e0]
Event: 9.486 Thread 0x000001d193518070 5417       3       org.springframework.data.util.Streamable::stream (11 bytes)
Event: 9.486 Thread 0x000001d193518070 nmethod 5417 0x000001d1800ad888 code [0x000001d1800ad9c0, 0x000001d1800adbd0]
Event: 9.487 Thread 0x000001d193518070 5418       3       java.util.ArrayList::grow (11 bytes)
Event: 9.487 Thread 0x000001d193518070 nmethod 5418 0x000001d180422008 code [0x000001d180422120, 0x000001d180422270]

GC Heap History (20 events):
Event: 3.089 GC heap before
{Heap before GC invocations=5 (full 0):
 garbage-first heap   total reserved 4179968K, committed 40960K, used 27117K [0x0000000700e00000, 0x0000000800000000)
  region size 2048K, 10 young (20480K), 2 survivors (4096K)
 Metaspace       used 27676K, committed 28032K, reserved 1114112K
  class space    used 3369K, committed 3520K, reserved 1048576K
}
Event: 3.096 GC heap after
{Heap after GC invocations=6 (full 0):
 garbage-first heap   total reserved 4179968K, committed 40960K, used 14429K [0x0000000700e00000, 0x0000000800000000)
  region size 2048K, 2 young (4096K), 2 survivors (4096K)
 Metaspace       used 27676K, committed 28032K, reserved 1114112K
  class space    used 3369K, committed 3520K, reserved 1048576K
}
Event: 3.608 GC heap before
{Heap before GC invocations=6 (full 0):
 garbage-first heap   total reserved 4179968K, committed 40960K, used 30813K [0x0000000700e00000, 0x0000000800000000)
  region size 2048K, 10 young (20480K), 2 survivors (4096K)
 Metaspace       used 29530K, committed 29888K, reserved 1114112K
  class space    used 3602K, committed 3776K, reserved 1048576K
}
Event: 3.615 GC heap after
{Heap after GC invocations=7 (full 0):
 garbage-first heap   total reserved 4179968K, committed 40960K, used 15621K [0x0000000700e00000, 0x0000000800000000)
  region size 2048K, 2 young (4096K), 2 survivors (4096K)
 Metaspace       used 29530K, committed 29888K, reserved 1114112K
  class space    used 3602K, committed 3776K, reserved 1048576K
}
Event: 4.090 GC heap before
{Heap before GC invocations=7 (full 0):
 garbage-first heap   total reserved 4179968K, committed 40960K, used 27909K [0x0000000700e00000, 0x0000000800000000)
  region size 2048K, 9 young (18432K), 2 survivors (4096K)
 Metaspace       used 31582K, committed 31936K, reserved 1114112K
  class space    used 3890K, committed 4032K, reserved 1048576K
}
Event: 4.097 GC heap after
{Heap after GC invocations=8 (full 0):
 garbage-first heap   total reserved 4179968K, committed 40960K, used 16522K [0x0000000700e00000, 0x0000000800000000)
  region size 2048K, 2 young (4096K), 2 survivors (4096K)
 Metaspace       used 31582K, committed 31936K, reserved 1114112K
  class space    used 3890K, committed 4032K, reserved 1048576K
}
Event: 4.537 GC heap before
{Heap before GC invocations=8 (full 0):
 garbage-first heap   total reserved 4179968K, committed 40960K, used 30858K [0x0000000700e00000, 0x0000000800000000)
  region size 2048K, 9 young (18432K), 2 survivors (4096K)
 Metaspace       used 33903K, committed 34368K, reserved 1114112K
  class space    used 4214K, committed 4416K, reserved 1048576K
}
Event: 4.544 GC heap after
{Heap after GC invocations=9 (full 0):
 garbage-first heap   total reserved 4179968K, committed 151552K, used 17907K [0x0000000700e00000, 0x0000000800000000)
  region size 2048K, 2 young (4096K), 2 survivors (4096K)
 Metaspace       used 33903K, committed 34368K, reserved 1114112K
  class space    used 4214K, committed 4416K, reserved 1048576K
}
Event: 4.918 GC heap before
{Heap before GC invocations=9 (full 0):
 garbage-first heap   total reserved 4179968K, committed 151552K, used 24051K [0x0000000700e00000, 0x0000000800000000)
  region size 2048K, 7 young (14336K), 2 survivors (4096K)
 Metaspace       used 35732K, committed 36096K, reserved 1114112K
  class space    used 4515K, committed 4672K, reserved 1048576K
}
Event: 4.924 GC heap after
{Heap after GC invocations=10 (full 0):
 garbage-first heap   total reserved 4179968K, committed 151552K, used 18793K [0x0000000700e00000, 0x0000000800000000)
  region size 2048K, 2 young (4096K), 2 survivors (4096K)
 Metaspace       used 35732K, committed 36096K, reserved 1114112K
  class space    used 4515K, committed 4672K, reserved 1048576K
}
Event: 6.113 GC heap before
{Heap before GC invocations=11 (full 0):
 garbage-first heap   total reserved 4179968K, committed 69632K, used 55657K [0x0000000700e00000, 0x0000000800000000)
  region size 2048K, 20 young (40960K), 2 survivors (4096K)
 Metaspace       used 43522K, committed 44096K, reserved 1114112K
  class space    used 5573K, committed 5824K, reserved 1048576K
}
Event: 6.119 GC heap after
{Heap after GC invocations=12 (full 0):
 garbage-first heap   total reserved 4179968K, committed 69632K, used 21608K [0x0000000700e00000, 0x0000000800000000)
  region size 2048K, 3 young (6144K), 3 survivors (6144K)
 Metaspace       used 43522K, committed 44096K, reserved 1114112K
  class space    used 5573K, committed 5824K, reserved 1048576K
}
Event: 7.114 GC heap before
{Heap before GC invocations=12 (full 0):
 garbage-first heap   total reserved 4179968K, committed 69632K, used 52328K [0x0000000700e00000, 0x0000000800000000)
  region size 2048K, 19 young (38912K), 3 survivors (6144K)
 Metaspace       used 51012K, committed 51584K, reserved 1114112K
  class space    used 6636K, committed 6912K, reserved 1048576K
}
Event: 7.121 GC heap after
{Heap after GC invocations=13 (full 0):
 garbage-first heap   total reserved 4179968K, committed 69632K, used 23973K [0x0000000700e00000, 0x0000000800000000)
  region size 2048K, 3 young (6144K), 3 survivors (6144K)
 Metaspace       used 51012K, committed 51584K, reserved 1114112K
  class space    used 6636K, committed 6912K, reserved 1048576K
}
Event: 7.997 GC heap before
{Heap before GC invocations=13 (full 0):
 garbage-first heap   total reserved 4179968K, committed 69632K, used 52645K [0x0000000700e00000, 0x0000000800000000)
  region size 2048K, 18 young (36864K), 3 survivors (6144K)
 Metaspace       used 59182K, committed 59712K, reserved 1114112K
  class space    used 7753K, committed 8000K, reserved 1048576K
}
Event: 8.002 GC heap after
{Heap after GC invocations=14 (full 0):
 garbage-first heap   total reserved 4179968K, committed 69632K, used 26053K [0x0000000700e00000, 0x0000000800000000)
  region size 2048K, 3 young (6144K), 3 survivors (6144K)
 Metaspace       used 59182K, committed 59712K, reserved 1114112K
  class space    used 7753K, committed 8000K, reserved 1048576K
}
Event: 8.129 GC heap before
{Heap before GC invocations=14 (full 0):
 garbage-first heap   total reserved 4179968K, committed 69632K, used 28101K [0x0000000700e00000, 0x0000000800000000)
  region size 2048K, 5 young (10240K), 3 survivors (6144K)
 Metaspace       used 59854K, committed 60416K, reserved 1114112K
  class space    used 7902K, committed 8192K, reserved 1048576K
}
Event: 8.132 GC heap after
{Heap after GC invocations=15 (full 0):
 garbage-first heap   total reserved 4179968K, committed 69632K, used 26352K [0x0000000700e00000, 0x0000000800000000)
  region size 2048K, 2 young (4096K), 2 survivors (4096K)
 Metaspace       used 59854K, committed 60416K, reserved 1114112K
  class space    used 7902K, committed 8192K, reserved 1048576K
}
Event: 9.430 GC heap before
{Heap before GC invocations=16 (full 0):
 garbage-first heap   total reserved 4179968K, committed 69632K, used 55024K [0x0000000700e00000, 0x0000000800000000)
  region size 2048K, 17 young (34816K), 2 survivors (4096K)
 Metaspace       used 65729K, committed 66368K, reserved 1114112K
  class space    used 8844K, committed 9088K, reserved 1048576K
}
Event: 9.434 GC heap after
{Heap after GC invocations=17 (full 0):
 garbage-first heap   total reserved 4179968K, committed 69632K, used 27890K [0x0000000700e00000, 0x0000000800000000)
  region size 2048K, 2 young (4096K), 2 survivors (4096K)
 Metaspace       used 65729K, committed 66368K, reserved 1114112K
  class space    used 8844K, committed 9088K, reserved 1048576K
}

Dll operation events (12 events):
Event: 0.017 Loaded shared library C:\Users\nilson\.jdks\openjdk-23.0.1\bin\java.dll
Event: 0.019 Loaded shared library C:\Users\nilson\.jdks\openjdk-23.0.1\bin\zip.dll
Event: 0.095 Loaded shared library C:\Users\nilson\.jdks\openjdk-23.0.1\bin\jsvml.dll
Event: 0.308 Loaded shared library C:\Users\nilson\.jdks\openjdk-23.0.1\bin\instrument.dll
Event: 0.401 Loaded shared library C:\Users\nilson\.jdks\openjdk-23.0.1\bin\net.dll
Event: 0.403 Loaded shared library C:\Users\nilson\.jdks\openjdk-23.0.1\bin\nio.dll
Event: 0.421 Loaded shared library C:\Users\nilson\.jdks\openjdk-23.0.1\bin\zip.dll
Event: 0.641 Loaded shared library C:\Users\nilson\.jdks\openjdk-23.0.1\bin\jimage.dll
Event: 3.139 Loaded shared library C:\Users\nilson\.jdks\openjdk-23.0.1\bin\sunmscapi.dll
Event: 5.235 Loaded shared library C:\Users\nilson\.jdks\openjdk-23.0.1\bin\management.dll
Event: 5.238 Loaded shared library C:\Users\nilson\.jdks\openjdk-23.0.1\bin\management_ext.dll
Event: 6.712 Loaded shared library C:\Users\nilson\.jdks\openjdk-23.0.1\bin\extnet.dll

Deoptimization events (20 events):
Event: 9.623 Thread 0x000001d1f3e29340 DEOPT PACKING pc=0x000001d187bf1b30 sp=0x000000b2a6dfb470
Event: 9.623 Thread 0x000001d1f3e29340 DEOPT UNPACKING pc=0x000001d187584b22 sp=0x000000b2a6dfa868 mode 1
Event: 9.623 Thread 0x000001d1f3e29340 DEOPT PACKING pc=0x000001d180789ee4 sp=0x000000b2a6dfb4b0
Event: 9.623 Thread 0x000001d1f3e29340 DEOPT UNPACKING pc=0x000001d187584b22 sp=0x000000b2a6dfa9a0 mode 1
Event: 9.623 Thread 0x000001d1f3e29340 DEOPT PACKING pc=0x000001d187bf1b30 sp=0x000000b2a6dfb470
Event: 9.623 Thread 0x000001d1f3e29340 DEOPT UNPACKING pc=0x000001d187584b22 sp=0x000000b2a6dfa868 mode 1
Event: 9.623 Thread 0x000001d1f3e29340 DEOPT PACKING pc=0x000001d180789ee4 sp=0x000000b2a6dfb4b0
Event: 9.623 Thread 0x000001d1f3e29340 DEOPT UNPACKING pc=0x000001d187584b22 sp=0x000000b2a6dfa9a0 mode 1
Event: 9.629 Thread 0x000001d1f3e29340 DEOPT PACKING pc=0x000001d187bf1b30 sp=0x000000b2a6dfb7d0
Event: 9.629 Thread 0x000001d1f3e29340 DEOPT UNPACKING pc=0x000001d187584b22 sp=0x000000b2a6dfabc8 mode 1
Event: 9.629 Thread 0x000001d1f3e29340 DEOPT PACKING pc=0x000001d1802ba89c sp=0x000000b2a6dfb810
Event: 9.629 Thread 0x000001d1f3e29340 DEOPT UNPACKING pc=0x000001d187584b22 sp=0x000000b2a6dfacc0 mode 1
Event: 9.629 Thread 0x000001d1f3e29340 DEOPT PACKING pc=0x000001d180202504 sp=0x000000b2a6dfb870
Event: 9.630 Thread 0x000001d1f3e29340 DEOPT UNPACKING pc=0x000001d187584b22 sp=0x000000b2a6dfae08 mode 1
Event: 9.630 Thread 0x000001d1f3e29340 DEOPT PACKING pc=0x000001d18020149c sp=0x000000b2a6dfb9f0
Event: 9.630 Thread 0x000001d1f3e29340 DEOPT UNPACKING pc=0x000001d187584b22 sp=0x000000b2a6dfae88 mode 1
Event: 9.630 Thread 0x000001d1f3e29340 DEOPT PACKING pc=0x000001d18033760c sp=0x000000b2a6dfba30
Event: 9.630 Thread 0x000001d1f3e29340 DEOPT UNPACKING pc=0x000001d187584b22 sp=0x000000b2a6dfaf70 mode 1
Event: 9.630 Thread 0x000001d1f3e29340 DEOPT PACKING pc=0x000001d180362ed4 sp=0x000000b2a6dfbb40
Event: 9.630 Thread 0x000001d1f3e29340 DEOPT UNPACKING pc=0x000001d187584b22 sp=0x000000b2a6dfb098 mode 1

Classes loaded (20 events):
Event: 9.625 Loading class org/hibernate/persister/entity/EntityPersister
Event: 9.625 Loading class org/hibernate/persister/entity/EntityPersister done
Event: 9.625 Loading class org/hibernate/persister/collection/CollectionPersister
Event: 9.625 Loading class org/hibernate/persister/collection/CollectionPersister done
Event: 9.626 Loading class org/hibernate/stat/internal/CacheRegionStatisticsImpl
Event: 9.626 Loading class org/hibernate/stat/internal/CacheRegionStatisticsImpl done
Event: 9.627 Loading class org/hibernate/stat/internal/QueryStatisticsImpl
Event: 9.627 Loading class org/hibernate/stat/internal/QueryStatisticsImpl done
Event: 9.627 Loading class org/hibernate/stat/internal/CollectionStatisticsImpl
Event: 9.627 Loading class org/hibernate/stat/internal/CollectionStatisticsImpl done
Event: 9.627 Loading class org/hibernate/stat/internal/AbstractCacheableDataStatistics
Event: 9.627 Loading class org/hibernate/stat/internal/AbstractCacheableDataStatistics done
Event: 9.628 Loading class org/hibernate/stat/internal/EntityStatisticsImpl
Event: 9.628 Loading class org/hibernate/stat/internal/EntityStatisticsImpl done
Event: 9.628 Loading class org/hibernate/stat/internal/NaturalIdStatisticsImpl
Event: 9.628 Loading class org/hibernate/stat/internal/NaturalIdStatisticsImpl done
Event: 9.629 Loading class org/checkerframework/dataflow/qual/SideEffectFree
Event: 9.629 Loading class org/checkerframework/dataflow/qual/SideEffectFree done
Event: 9.630 Loading class org/springframework/orm/jpa/ExtendedEntityManagerCreator
Event: 9.630 Loading class org/springframework/orm/jpa/ExtendedEntityManagerCreator done

Classes unloaded (0 events):
No events

Classes redefined (1 events):
Event: 0.359 Thread 0x000001d1934bf420 redefined class name=java.lang.Throwable, count=1

Internal exceptions (20 events):
Event: 7.702 Thread 0x000001d1f3e29340 Exception <a 'java/lang/NoSuchMethodError'{0x0000000703ff76b8}: 'java.lang.Object java.lang.invoke.DirectMethodHandle$Holder.invokeStatic(java.lang.Object, java.lang.Object, int, java.lang.Object)'> (0x0000000703ff76b8) 
thrown [s\open\src\hotspot\share\interpreter\linkResolver.cpp, line 796]
Event: 7.703 Thread 0x000001d1f3e29340 Exception <a 'java/lang/NoSuchMethodError'{0x0000000703ffaee8}: 'java.lang.Object java.lang.invoke.DirectMethodHandle$Holder.invokeStaticInit(java.lang.Object, java.lang.Object, int, java.lang.Object)'> (0x0000000703ffaee8) 
thrown [s\open\src\hotspot\share\interpreter\linkResolver.cpp, line 796]
Event: 8.605 Thread 0x000001d1f3e29340 Exception <a 'java/lang/NoSuchMethodError'{0x0000000704434018}: 'void java.lang.invoke.DirectMethodHandle$Holder.invokeInterface(java.lang.Object, java.lang.Object, int, java.lang.Object)'> (0x0000000704434018) 
thrown [s\open\src\hotspot\share\interpreter\linkResolver.cpp, line 796]
Event: 8.609 Thread 0x000001d1f3e29340 Exception <a 'java/lang/NoSuchMethodError'{0x000000070445bcb8}: 'java.lang.Object java.lang.invoke.DirectMethodHandle$Holder.newInvokeSpecial(java.lang.Object, java.lang.Object, int, java.lang.Object)'> (0x000000070445bcb8) 
thrown [s\open\src\hotspot\share\interpreter\linkResolver.cpp, line 796]
Event: 8.609 Thread 0x000001d1f3e29340 Exception <a 'java/lang/NoSuchMethodError'{0x000000070445f660}: 'java.lang.Object java.lang.invoke.Invokers$Holder.linkToTargetMethod(java.lang.Object, int, java.lang.Object, java.lang.Object)'> (0x000000070445f660) 
thrown [s\open\src\hotspot\share\interpreter\linkResolver.cpp, line 796]
Event: 8.631 Thread 0x000001d1f3e29340 Exception <a 'java/lang/NoSuchMethodError'{0x0000000704506908}: 'void java.lang.invoke.DirectMethodHandle$Holder.invokeSpecial(java.lang.Object, java.lang.Object, java.lang.Object, java.lang.Object, java.lang.Object, java.lang.Object, java.lang.Object, java.lang.Object)'> (0x0000000704506908) 
thrown [s\open\src\hotspot\share\interpreter\linkResolver.cpp, line 796]
Event: 8.644 Thread 0x000001d1f3e29340 Exception <a 'java/lang/NoSuchMethodError'{0x000000070454baa0}: 'void java.lang.invoke.DirectMethodHandle$Holder.invokeSpecial(java.lang.Object, java.lang.Object, int, java.lang.Object)'> (0x000000070454baa0) 
thrown [s\open\src\hotspot\share\interpreter\linkResolver.cpp, line 796]
Event: 8.645 Thread 0x000001d1f3e29340 Exception <a 'java/lang/NoSuchMethodError'{0x0000000704551e38}: 'java.lang.Object java.lang.invoke.DirectMethodHandle$Holder.newInvokeSpecial(java.lang.Object, java.lang.Object, int)'> (0x0000000704551e38) 
thrown [s\open\src\hotspot\share\interpreter\linkResolver.cpp, line 796]
Event: 8.646 Thread 0x000001d1f3e29340 Exception <a 'java/lang/IncompatibleClassChangeError'{0x00000007045556c0}: Found class java.lang.Object, but interface was expected> (0x00000007045556c0) 
thrown [s\open\src\hotspot\share\interpreter\linkResolver.cpp, line 863]
Event: 8.697 Thread 0x000001d1f3e29340 Exception <a 'java/lang/NoSuchMethodError'{0x0000000704308458}: 'int java.lang.invoke.DirectMethodHandle$Holder.invokeSpecial(java.lang.Object, java.lang.Object, int, java.lang.Object)'> (0x0000000704308458) 
thrown [s\open\src\hotspot\share\interpreter\linkResolver.cpp, line 796]
Event: 8.698 Thread 0x000001d1f3e29340 Exception <a 'java/lang/NoSuchMethodError'{0x0000000704310de8}: 'int java.lang.invoke.DirectMethodHandle$Holder.invokeStatic(java.lang.Object, int, java.lang.Object)'> (0x0000000704310de8) 
thrown [s\open\src\hotspot\share\interpreter\linkResolver.cpp, line 796]
Event: 8.703 Thread 0x000001d1f3e29340 Exception <a 'java/lang/NoSuchMethodError'{0x00000007043311f0}: 'java.lang.Object java.lang.invoke.DirectMethodHandle$Holder.newInvokeSpecial(java.lang.Object, java.lang.Object, java.lang.Object, java.lang.Object, java.lang.Object, int, java.lang.Object)'> (0x00000007043311f0) 
thrown [s\open\src\hotspot\share\interpreter\linkResolver.cpp, line 796]
Event: 8.710 Thread 0x000001d1f3e29340 Exception <a 'java/lang/NoSuchMethodError'{0x0000000704364ce0}: 'java.lang.Object java.lang.invoke.Invokers$Holder.linkToTargetMethod(java.lang.Object, java.lang.Object, java.lang.Object, java.lang.Object, java.lang.Object, java.lang.Object, java.lang.Object, java.lang.Object, java.lang.Object, java.lang.Object, java.lang.Object, java.lang.Object)'> (0x0000000704364ce0) 
thrown [s\open\src\hotspot\share\interpreter\linkResolver.cpp, line 796]
Event: 8.776 Thread 0x000001d1f3e29340 Exception <a 'java/lang/IncompatibleClassChangeError'{0x000000070413ad50}: Found class java.lang.Object, but interface was expected> (0x000000070413ad50) 
thrown [s\open\src\hotspot\share\interpreter\linkResolver.cpp, line 863]
Event: 8.984 Thread 0x000001d1f3e29340 Exception <a 'java/lang/NoSuchMethodError'{0x0000000703b9e8a8}: 'void java.lang.invoke.Invokers$Holder.invokeExact_MT(java.lang.Object, java.lang.Object, java.lang.Object, java.lang.Object)'> (0x0000000703b9e8a8) 
thrown [s\open\src\hotspot\share\interpreter\linkResolver.cpp, line 796]
Event: 9.083 Thread 0x000001d1f3e29340 Implicit null exception at 0x000001d187ca21eb to 0x000001d187ca24a0
Event: 9.181 Thread 0x000001d1f3e29340 Implicit null exception at 0x000001d187cbd467 to 0x000001d187cbf41c
Event: 9.191 Thread 0x000001d1f3e29340 Exception <a 'java/lang/IncompatibleClassChangeError'{0x00000007034abbf0}: Found class java.lang.Object, but interface was expected> (0x00000007034abbf0) 
thrown [s\open\src\hotspot\share\interpreter\linkResolver.cpp, line 863]
Event: 9.268 Thread 0x000001d1f3e29340 Exception <a 'java/lang/IncompatibleClassChangeError'{0x00000007032797c8}: Found class java.lang.Object, but interface was expected> (0x00000007032797c8) 
thrown [s\open\src\hotspot\share\interpreter\linkResolver.cpp, line 863]
Event: 9.466 Thread 0x000001d1f3e29340 Exception <a 'java/lang/IncompatibleClassChangeError'{0x0000000710cb7418}: Found class java.lang.Object, but interface was expected> (0x0000000710cb7418) 
thrown [s\open\src\hotspot\share\interpreter\linkResolver.cpp, line 863]

VM Operations (20 events):
Event: 8.163 Executing VM operation: G1PauseRemark
Event: 8.167 Executing VM operation: G1PauseRemark done
Event: 8.177 Executing VM operation: G1PauseCleanup
Event: 8.185 Executing VM operation: G1PauseCleanup done
Event: 8.995 Executing VM operation: ChangeBreakpoints
Event: 8.999 Executing VM operation: ChangeBreakpoints done
Event: 9.007 Executing VM operation: ChangeBreakpoints
Event: 9.011 Executing VM operation: ChangeBreakpoints done
Event: 9.041 Executing VM operation: ChangeBreakpoints
Event: 9.044 Executing VM operation: ChangeBreakpoints done
Event: 9.045 Executing VM operation: ChangeBreakpoints
Event: 9.048 Executing VM operation: ChangeBreakpoints done
Event: 9.054 Executing VM operation: ChangeBreakpoints
Event: 9.056 Executing VM operation: ChangeBreakpoints done
Event: 9.430 Executing VM operation: G1CollectForAllocation (G1 Evacuation Pause)
Event: 9.434 Executing VM operation: G1CollectForAllocation (G1 Evacuation Pause) done
Event: 9.490 Executing VM operation: HandshakeAllThreads (Deoptimize)
Event: 9.490 Executing VM operation: HandshakeAllThreads (Deoptimize) done
Event: 9.491 Executing VM operation: HandshakeAllThreads (Deoptimize)
Event: 9.491 Executing VM operation: HandshakeAllThreads (Deoptimize) done

Memory protections (0 events):
No events

Nmethod flushes (20 events):
Event: 8.166 Thread 0x000001d1934bf420 flushing  nmethod 0x000001d180153a88
Event: 8.166 Thread 0x000001d1934bf420 flushing  nmethod 0x000001d180159688
Event: 8.166 Thread 0x000001d1934bf420 flushing  nmethod 0x000001d18018d108
Event: 8.166 Thread 0x000001d1934bf420 flushing  nmethod 0x000001d18018d488
Event: 8.166 Thread 0x000001d1934bf420 flushing  nmethod 0x000001d180190508
Event: 8.166 Thread 0x000001d1934bf420 flushing  nmethod 0x000001d1801d4708
Event: 8.166 Thread 0x000001d1934bf420 flushing  nmethod 0x000001d1801d4d08
Event: 8.166 Thread 0x000001d1934bf420 flushing  nmethod 0x000001d1801d5d08
Event: 8.166 Thread 0x000001d1934bf420 flushing  nmethod 0x000001d1802d4188
Event: 8.166 Thread 0x000001d1934bf420 flushing  nmethod 0x000001d1802d7908
Event: 8.166 Thread 0x000001d1934bf420 flushing  nmethod 0x000001d180308a88
Event: 8.166 Thread 0x000001d1934bf420 flushing  nmethod 0x000001d180308d88
Event: 8.166 Thread 0x000001d1934bf420 flushing  nmethod 0x000001d1803a6f08
Event: 8.166 Thread 0x000001d1934bf420 flushing  nmethod 0x000001d1803a8088
Event: 8.166 Thread 0x000001d1934bf420 flushing osr nmethod 0x000001d1803a9788
Event: 8.166 Thread 0x000001d1934bf420 flushing  nmethod 0x000001d1803aa888
Event: 8.166 Thread 0x000001d1934bf420 flushing  nmethod 0x000001d1803ce488
Event: 8.166 Thread 0x000001d1934bf420 flushing  nmethod 0x000001d18042a988
Event: 8.166 Thread 0x000001d1934bf420 flushing  nmethod 0x000001d180466e08
Event: 8.166 Thread 0x000001d1934bf420 flushing  nmethod 0x000001d180674488

Events (20 events):
Event: 0.275 Thread 0x000001d1f3e29340 Thread added: 0x000001d193722460
Event: 0.275 Thread 0x000001d1f3e29340 Thread added: 0x000001d1937b3000
Event: 0.277 Thread 0x000001d193722460 Thread added: 0x000001d193727ef0
Event: 0.369 Thread 0x000001d1f3e29340 Thread added: 0x000001d193867c00
Event: 1.971 Thread 0x000001d1f3e29340 Thread added: 0x000001d1d9b5f670
Event: 2.517 Thread 0x000001d193518070 Thread added: 0x000001d1db0d6750
Event: 2.696 Thread 0x000001d1f3e29340 Thread added: 0x000001d1dc158860
Event: 2.749 Thread 0x000001d1dc158860 Thread exited: 0x000001d1dc158860
Event: 3.162 Thread 0x000001d1d9b5f670 Thread exited: 0x000001d1d9b5f670
Event: 5.484 Thread 0x000001d1f3e29340 Thread added: 0x000001d1dcfb72a0
Event: 5.485 Thread 0x000001d1dcfb72a0 Thread added: 0x000001d1dcfba720
Event: 5.492 Thread 0x000001d1f3e29340 Thread added: 0x000001d1dcfb8ce0
Event: 5.572 Thread 0x000001d1f3e29340 Thread added: 0x000001d1dcfbb440
Event: 5.986 Thread 0x000001d1db0d6750 Thread exited: 0x000001d1db0d6750
Event: 6.935 Thread 0x000001d1f3e29340 Thread added: 0x000001d1df2de030
Event: 7.041 Thread 0x000001d1df2de030 Thread added: 0x000001d1df2dcc80
Event: 7.848 Thread 0x000001d1936373d0 Thread exited: 0x000001d1936373d0
Event: 8.082 Thread 0x000001d193518070 Thread added: 0x000001d1e121fa20
Event: 8.599 Thread 0x000001d1e121fa20 Thread exited: 0x000001d1e121fa20
Event: 8.979 Thread 0x000001d193518070 Thread added: 0x000001d1dd8a11a0


Dynamic libraries:
0x00007ff711770000 - 0x00007ff71177e000 	C:\Users\nilson\.jdks\openjdk-23.0.1\bin\java.exe
0x00007fffd49b0000 - 0x00007fffd4bc8000 	C:\Windows\SYSTEM32\ntdll.dll
0x00007fffd33a0000 - 0x00007fffd3464000 	C:\Windows\System32\KERNEL32.DLL
0x00007fffd1fe0000 - 0x00007fffd23b3000 	C:\Windows\System32\KERNELBASE.dll
0x00007fffd1b40000 - 0x00007fffd1c51000 	C:\Windows\System32\ucrtbase.dll
0x00007fffaa2b0000 - 0x00007fffaa2c7000 	C:\Users\nilson\.jdks\openjdk-23.0.1\bin\jli.dll
0x00007fffaa2d0000 - 0x00007fffaa2eb000 	C:\Users\nilson\.jdks\openjdk-23.0.1\bin\VCRUNTIME140.dll
0x00007fffd45f0000 - 0x00007fffd47a2000 	C:\Windows\System32\USER32.dll
0x00007fffd2620000 - 0x00007fffd2646000 	C:\Windows\System32\win32u.dll
0x00007fffd2d30000 - 0x00007fffd2d59000 	C:\Windows\System32\GDI32.dll
0x00007fffd1ec0000 - 0x00007fffd1fdb000 	C:\Windows\System32\gdi32full.dll
0x00007fffd1da0000 - 0x00007fffd1e3a000 	C:\Windows\System32\msvcp_win.dll
0x00007fffb2610000 - 0x00007fffb28ac000 	C:\Windows\WinSxS\amd64_microsoft.windows.common-controls_6595b64144ccf1df_6.0.22621.6060_none_2712eda17382d24b\COMCTL32.dll
0x00007fffd3470000 - 0x00007fffd3517000 	C:\Windows\System32\msvcrt.dll
0x00007fffd2ec0000 - 0x00007fffd2ef1000 	C:\Windows\System32\IMM32.DLL
0x00007fffcd4c0000 - 0x00007fffcd4cc000 	C:\Users\nilson\.jdks\openjdk-23.0.1\bin\vcruntime140_1.dll
0x00007fffaa1a0000 - 0x00007fffaa22e000 	C:\Users\nilson\.jdks\openjdk-23.0.1\bin\msvcp140.dll
0x00007fff16a90000 - 0x00007fff177df000 	C:\Users\nilson\.jdks\openjdk-23.0.1\bin\server\jvm.dll
0x00007fffd26b0000 - 0x00007fffd2761000 	C:\Windows\System32\ADVAPI32.dll
0x00007fffd2990000 - 0x00007fffd2a38000 	C:\Windows\System32\sechost.dll
0x00007fffd2480000 - 0x00007fffd24a8000 	C:\Windows\System32\bcrypt.dll
0x00007fffd4840000 - 0x00007fffd4958000 	C:\Windows\System32\RPCRT4.dll
0x00007fffd3590000 - 0x00007fffd3601000 	C:\Windows\System32\WS2_32.dll
0x00007fffd12f0000 - 0x00007fffd133d000 	C:\Windows\SYSTEM32\POWRPROF.dll
0x00007fffcc1b0000 - 0x00007fffcc1e4000 	C:\Windows\SYSTEM32\WINMM.dll
0x00007fffc9b30000 - 0x00007fffc9b3a000 	C:\Windows\SYSTEM32\VERSION.dll
0x00007fffd12a0000 - 0x00007fffd12b3000 	C:\Windows\SYSTEM32\UMPDC.dll
0x00007fffd0a60000 - 0x00007fffd0a78000 	C:\Windows\SYSTEM32\kernel.appcore.dll
0x00007fffaa2a0000 - 0x00007fffaa2aa000 	C:\Users\nilson\.jdks\openjdk-23.0.1\bin\jimage.dll
0x00007fffc8880000 - 0x00007fffc8ab3000 	C:\Windows\SYSTEM32\DBGHELP.DLL
0x00007fffd4130000 - 0x00007fffd44c1000 	C:\Windows\System32\combase.dll
0x00007fffd28b0000 - 0x00007fffd2988000 	C:\Windows\System32\OLEAUT32.dll
0x00007fffc8750000 - 0x00007fffc8782000 	C:\Windows\SYSTEM32\dbgcore.DLL
0x00007fffd1ac0000 - 0x00007fffd1b3b000 	C:\Windows\System32\bcryptPrimitives.dll
0x00007fffaa240000 - 0x00007fffaa27c000 	C:\Users\nilson\.jdks\openjdk-23.0.1\bin\jdwp.dll
0x00007fffaa190000 - 0x00007fffaa19f000 	C:\Users\nilson\.jdks\openjdk-23.0.1\bin\instrument.dll
0x00007fffaa280000 - 0x00007fffaa29e000 	C:\Users\nilson\.jdks\openjdk-23.0.1\bin\java.dll
0x00007fffd2a40000 - 0x00007fffd2be1000 	C:\Windows\System32\ole32.dll
0x00007fffd3890000 - 0x00007fffd412c000 	C:\Windows\System32\SHELL32.dll
0x00007fffd1c60000 - 0x00007fffd1d9f000 	C:\Windows\System32\wintypes.dll
0x00007fffaa170000 - 0x00007fffaa187000 	C:\Users\nilson\.jdks\openjdk-23.0.1\bin\zip.dll
0x00007fffcf970000 - 0x00007fffd028a000 	C:\Windows\SYSTEM32\windows.storage.dll
0x00007fffd44e0000 - 0x00007fffd45e4000 	C:\Windows\System32\SHCORE.dll
0x00007fffd3520000 - 0x00007fffd3589000 	C:\Windows\System32\shlwapi.dll
0x00007fffd19f0000 - 0x00007fffd1a15000 	C:\Windows\SYSTEM32\profapi.dll
0x00007fffa9b80000 - 0x00007fffa9c57000 	C:\Users\nilson\.jdks\openjdk-23.0.1\bin\jsvml.dll
0x00007fffaa120000 - 0x00007fffaa12c000 	C:\Users\nilson\.jdks\openjdk-23.0.1\bin\dt_socket.dll
0x00007fffd04f0000 - 0x00007fffd051d000 	C:\Windows\SYSTEM32\IPHLPAPI.DLL
0x00007fffd0f20000 - 0x00007fffd0f89000 	C:\Windows\system32\mswsock.dll
0x00007fffaa160000 - 0x00007fffaa170000 	C:\Users\nilson\.jdks\openjdk-23.0.1\bin\net.dll
0x00007fffaa130000 - 0x00007fffaa146000 	C:\Users\nilson\.jdks\openjdk-23.0.1\bin\nio.dll
0x00007fffaa070000 - 0x00007fffaa07e000 	C:\Users\nilson\.jdks\openjdk-23.0.1\bin\sunmscapi.dll
0x00007fffd24b0000 - 0x00007fffd2618000 	C:\Windows\System32\CRYPT32.dll
0x00007fffd1460000 - 0x00007fffd148e000 	C:\Windows\SYSTEM32\ncrypt.dll
0x00007fffd1420000 - 0x00007fffd1457000 	C:\Windows\SYSTEM32\NTASN1.dll
0x00007fffd1360000 - 0x00007fffd137b000 	C:\Windows\SYSTEM32\CRYPTSP.dll
0x00007fffd09c0000 - 0x00007fffd09f7000 	C:\Windows\system32\rsaenh.dll
0x00007fffd0fc0000 - 0x00007fffd0fe8000 	C:\Windows\SYSTEM32\USERENV.dll
0x00007fffd1340000 - 0x00007fffd134c000 	C:\Windows\SYSTEM32\CRYPTBASE.dll
0x00007fffd28a0000 - 0x00007fffd28a9000 	C:\Windows\System32\NSI.dll
0x00007fffa9b20000 - 0x00007fffa9b2a000 	C:\Users\nilson\.jdks\openjdk-23.0.1\bin\management.dll
0x00007fffa9b10000 - 0x00007fffa9b1b000 	C:\Users\nilson\.jdks\openjdk-23.0.1\bin\management_ext.dll
0x00007fffd3610000 - 0x00007fffd3618000 	C:\Windows\System32\PSAPI.DLL
0x00007fffd0520000 - 0x00007fffd0618000 	C:\Windows\SYSTEM32\DNSAPI.dll
0x00007fffcba30000 - 0x00007fffcba3a000 	C:\Windows\System32\rasadhlp.dll
0x00007fffcaea0000 - 0x00007fffcaf24000 	C:\Windows\System32\fwpuclnt.dll
0x00007fffa9b30000 - 0x00007fffa9b39000 	C:\Users\nilson\.jdks\openjdk-23.0.1\bin\extnet.dll

dbghelp: loaded successfully - version: 4.0.5 - missing functions: none
symbol engine: initialized successfully - sym options: 0x614 - pdb path: .;C:\Users\nilson\.jdks\openjdk-23.0.1\bin;C:\Windows\SYSTEM32;C:\Windows\WinSxS\amd64_microsoft.windows.common-controls_6595b64144ccf1df_6.0.22621.6060_none_2712eda17382d24b;C:\Users\nilson\.jdks\openjdk-23.0.1\bin\server

VM Arguments:
jvm_args: -agentlib:jdwp=transport=dt_socket,address=127.0.0.1:57349,suspend=y,server=n -javaagent:C:\Users\nilson\AppData\Local\JetBrains\IdeaIC2024.3\captureAgent\debugger-agent.jar -Dkotlinx.coroutines.debug.enable.creation.stack.trace=false -Ddebugger.agent.enable.coroutines=true -Dkotlinx.coroutines.debug.enable.flows.stack.trace=true -Dkotlinx.coroutines.debug.enable.mutable.state.flows.stack.trace=true -Dfile.encoding=UTF-8 -Dsun.stdout.encoding=UTF-8 -Dsun.stderr.encoding=UTF-8 
java_command: br.com.vr.miniautorizador.MiniautorizadorApplication
java_class_path (initial): D:\Users\nilson\my_Projects\java\intelli_J\miniautorizador-api\target\classes;C:\Users\nilson\.m2\repository\org\springframework\boot\spring-boot-starter-data-jpa\3.5.9\spring-boot-starter-data-jpa-3.5.9.jar;C:\Users\nilson\.m2\repository\org\springframework\boot\spring-boot-starter\3.5.9\spring-boot-starter-3.5.9.jar;C:\Users\nilson\.m2\repository\org\springframework\boot\spring-boot\3.5.9\spring-boot-3.5.9.jar;C:\Users\nilson\.m2\repository\org\springframework\boot\spring-boot-autoconfigure\3.5.9\spring-boot-autoconfigure-3.5.9.jar;C:\Users\nilson\.m2\repository\org\springframework\boot\spring-boot-starter-logging\3.5.9\spring-boot-starter-logging-3.5.9.jar;C:\Users\nilson\.m2\repository\ch\qos\logback\logback-classic\1.5.22\logback-classic-1.5.22.jar;C:\Users\nilson\.m2\repository\ch\qos\logback\logback-core\1.5.22\logback-core-1.5.22.jar;C:\Users\nilson\.m2\repository\org\apache\logging\log4j\log4j-to-slf4j\2.24.3\log4j-to-slf4j-2.24.3.jar;C:\Users\nilson\.m2\repository\org\apache\logging\log4j\log4j-api\2.24.3\log4j-api-2.24.3.jar;C:\Users\nilson\.m2\repository\org\slf4j\jul-to-slf4j\2.0.17\jul-to-slf4j-2.0.17.jar;C:\Users\nilson\.m2\repository\jakarta\annotation\jakarta.annotation-api\2.1.1\jakarta.annotation-api-2.1.1.jar;C:\Users\nilson\.m2\repository\org\yaml\snakeyaml\2.4\snakeyaml-2.4.jar;C:\Users\nilson\.m2\repository\org\springframework\boot\spring-boot-starter-jdbc\3.5.9\spring-boot-starter-jdbc-3.5.9.jar;C:\Users\nilson\.m2\repository\com\zaxxer\HikariCP\6.3.3\HikariCP-6.3.3.jar;C:\Users\nilson\.m2\repository\org\springframework\spring-jdbc\6.2.15\spring-jdbc-6.2.15.jar;C:\Users\nilson\.m2\repository\org\hibernate\orm\hibernate-core\6.6.39.Final\hibernate-core-6.6.39.Final.jar;C:\Users\nilson\.m2\repository\jakarta\persistence\jakarta.persistence-api\3.1.0\jakarta.persistence-api-3.1.0.jar;C:\Users\nilson\.m2\repository\jakarta\transaction\jakarta.transaction-api\2.0.1\jakarta.transaction-api-2.0.1.jar;C:\Users\nilson\.m2\repository\org\jboss\logging\jboss-logging\3.6.1.Final\jboss-logging-3.6.1.Final.jar;C:\Users\nilson\.m2\repository\org\hibernate\common\hibernate-commons-annotations\7.0.3.Final\hibernate-commons-annotations-7.0.3.Final.jar;C:\Users\nilson\.m2\repository\io\smallrye\jandex\3.2.0\jandex-3.2.0.jar;C:\Users\nilson\.m2\repository\com\fasterxml\classmate\1.7.1\classmate-1.7.1.jar;C:\Users\nilson\.m2\repository\net\bytebuddy\byte-buddy\1.17.8\byte-buddy-1.17.8.jar;C:\Users\nilson\.m2\repository\org\glassfish\jaxb\jaxb-runtime\4.0.6\jaxb-runtime-4.0.6.jar;C:\Users\nilson\.m2\repository\org\glassfish\jaxb\jaxb-core\4.0.6\jaxb-core-4.0.6.jar;C:\Users\nilson\.m2\repository\org\eclipse\angus\angus-activation\2.0.3\angus-activation-2.0.3.jar;C:\Users\nilson\.m2\repository\org\glassfish\jaxb\txw2\4.0.6\txw2-4.0.6.jar;C:\Users\nilson\.m2\repository\com\sun\istack\istack-commons-runtime\4.1.2\istack-commons-runtime-4.1.2.jar;C:\Users\nilson\.m2\repository\jakarta\inject\jakarta.inject-api\2.0.1\jakarta.inject-api-2.0.1.jar;C:\Users\nilson\.m2\repository\org\antlr\antlr4-runtime\4.13.0\antlr4-runtime-4.13.0.jar;C:\Users\nilson\.m2\repository\org\springframework\data\spring-data-jpa\3.5.7\spring-data-jpa-3.5.7.jar;C:\Users\nilson\.m2\repository\org\springframework\data\spring-data-commons\3.5.7\spring-data-commons-3.5.7.jar;C:\Users\nilson\.m2\repository\org\springframework\spring-orm\6.2.15\spring-orm-6.2.15.jar;C:\Users\nilson\.m2\repository\org\springframework\spring-context\6.2.15\spring-context-6.2.15.jar;C:\Users\nilson\.m2\repository\org\springframework\spring-tx\6.2.15\spring-tx-6.2.15.jar;C:\Users\nilson\.m2\repository\org\springframework\spring-beans\6.2.15\spring-beans-6.2.15.jar;C:\Users\nilson\.m2\repository\org\slf4j\slf4j-api\2.0.17\slf4j-api-2.0.17.jar;C:\Users\nilson\.m2\repository\org\springframework\spring-aspects\6.2.15\spring-aspects-6.2.15.jar;C:\Users\nilson\.m2\repository\org\aspectj\aspectjweaver\1.9.25.1\aspectjweaver-1.9.25.1.jar;C:\Users\nilson\.m2\repository\org\springframework\boot\spring-boot-starter-security\3.5.9\spring-boot-starter-security-3.5.9.jar;C:\Users\nilson\.m2\repository\org\springframework\spring-aop\6.2.15\spring-aop-6.2.15.jar;C:\Users\nilson\.m2\repository\org\springframework\security\spring-security-config\6.5.7\spring-security-config-6.5.7.jar;C:\Users\nilson\.m2\repository\org\springframework\security\spring-security-web\6.5.7\spring-security-web-6.5.7.jar;C:\Users\nilson\.m2\repository\org\springframework\spring-expression\6.2.15\spring-expression-6.2.15.jar;C:\Users\nilson\.m2\repository\org\springframework\boot\spring-boot-starter-validation\3.5.9\spring-boot-starter-validation-3.5.9.jar;C:\Users\nilson\.m2\repository\org\apache\tomcat\embed\tomcat-embed-el\10.1.50\tomcat-embed-el-10.1.50.jar;C:\Users\nilson\.m2\repository\org\hibernate\validator\hibernate-validator\8.0.3.Final\hibernate-validator-8.0.3.Final.jar;C:\Users\nilson\.m2\repository\jakarta\validation\jakarta.validation-api\3.0.2\jakarta.validation-api-3.0.2.jar;C:\Users\nilson\.m2\repository\org\springframework\boot\spring-boot-starter-web\3.5.9\spring-boot-starter-web-3.5.9.jar;C:\Users\nilson\.m2\repository\org\springframework\boot\spring-boot-starter-json\3.5.9\spring-boot-starter-json-3.5.9.jar;C:\Users\nilson\.m2\repository\com\fasterxml\jackson\core\jackson-databind\2.19.4\jackson-databind-2.19.4.jar;C:\Users\nilson\.m2\repository\com\fasterxml\jackson\core\jackson-annotations\2.19.4\jackson-annotations-2.19.4.jar;C:\Users\nilson\.m2\repository\com\fasterxml\jackson\core\jackson-core\2.19.4\jackson-core-2.19.4.jar;C:\Users\nilson\.m2\repository\com\fasterxml\jackson\datatype\jackson-datatype-jdk8\2.19.4\jackson-datatype-jdk8-2.19.4.jar;C:\Users\nilson\.m2\repository\com\fasterxml\jackson\datatype\jackson-datatype-jsr310\2.19.4\jackson-datatype-jsr310-2.19.4.jar;C:\Users\nilson\.m2\repository\com\fasterxml\jackson\module\jackson-module-parameter-names\2.19.4\jackson-module-parameter-names-2.19.4.jar;C:\Users\nilson\.m2\repository\org\springframework\boot\spring-boot-starter-tomcat\3.5.9\spring-boot-starter-tomcat-3.5.9.jar;C:\Users\nilson\.m2\repository\org\apache\tomcat\embed\tomcat-embed-core\10.1.50\tomcat-embed-core-10.1.50.jar;C:\Users\nilson\.m2\repository\org\apache\tomcat\embed\tomcat-embed-websocket\10.1.50\tomcat-embed-websocket-10.1.50.jar;C:\Users\nilson\.m2\repository\org\springframework\spring-web\6.2.15\spring-web-6.2.15.jar;C:\Users\nilson\.m2\repository\io\micrometer\micrometer-observation\1.15.7\micrometer-observation-1.15.7.jar;C:\Users\nilson\.m2\repository\io\micrometer\micrometer-commons\1.15.7\micrometer-commons-1.15.7.jar;C:\Users\nilson\.m2\repository\org\springframework\spring-webmvc\6.2.15\spring-webmvc-6.2.15.jar;C:\Users\nilson\.m2\repository\com\mysql\mysql-connector-j\9.5.0\mysql-connector-j-9.5.0.jar;C:\Users\nilson\.m2\repository\org\projectlombok\lombok\1.18.42\lombok-1.18.42.jar;C:\Users\nilson\.m2\repository\jakarta\xml\bind\jakarta.xml.bind-api\4.0.4\jakarta.xml.bind-api-4.0.4.jar;C:\Users\nilson\.m2\repository\jakarta\activation\jakarta.activation-api\2.1.4\jakarta.activation-api-2.1.4.jar;C:\Users\nilson\.m2\repository\org\springframework\spring-core\6.2.15\spring-core-6.2.15.jar;C:\Users\nilson\.m2\repository\org\springframework\spring-jcl\6.2.15\spring-jcl-6.2.15.jar;C:\Users\nilson\.m2\repository\org\springframework\security\spring-security-core\6.5.7\spring-security-core-6.5.7.jar;C:\Users\nilson\.m2\repository\org\springframework\security\spring-security-crypto\6.5.7\spring-security-crypto-6.5.7.jar;C:\Program Files\Jet_Brains\IntelliJ_IDEA_Community_Edition_2024_3\lib\idea_rt.jar
Launcher Type: SUN_STANDARD

[Global flags]
     intx CICompilerCount                          = 4                                         {product} {ergonomic}
     uint ConcGCThreads                            = 2                                         {product} {ergonomic}
     uint G1ConcRefinementThreads                  = 8                                         {product} {ergonomic}
   size_t G1HeapRegionSize                         = 2097152                                   {product} {ergonomic}
   size_t InitialHeapSize                          = 268435456                                 {product} {ergonomic}
   size_t MarkStackSize                            = 4194304                                   {product} {ergonomic}
   size_t MarkStackSizeMax                         = 536870912                                 {product} {ergonomic}
   size_t MaxHeapSize                              = 4280287232                                {product} {ergonomic}
   size_t MaxNewSize                               = 2566914048                                {product} {ergonomic}
   size_t MinHeapDeltaBytes                        = 2097152                                   {product} {ergonomic}
   size_t MinHeapSize                              = 8388608                                   {product} {ergonomic}
    uintx NonNMethodCodeHeapSize                   = 5832704                                {pd product} {ergonomic}
    uintx NonProfiledCodeHeapSize                  = 122945536                              {pd product} {ergonomic}
    uintx ProfiledCodeHeapSize                     = 122880000                              {pd product} {ergonomic}
    uintx ReservedCodeCacheSize                    = 251658240                              {pd product} {ergonomic}
     bool SegmentedCodeCache                       = true                                      {product} {ergonomic}
   size_t SoftMaxHeapSize                          = 4280287232                             {manageable} {ergonomic}
     bool UseCompressedOops                        = true                           {product lp64_product} {ergonomic}
     bool UseG1GC                                  = true                                      {product} {ergonomic}
     bool UseLargePagesIndividualAllocation        = false                                  {pd product} {ergonomic}

Logging:
Log output configuration:
 #0: stdout all=warning uptime,level,tags foldmultilines=false
 #1: stderr all=off uptime,level,tags foldmultilines=false

Environment Variables:
PATH=C:\Program Files (x86)\Common Files\Oracle\Java\java8path;C:\Program Files (x86)\Common Files\Oracle\Java\javapath;C:\Windows\system32;C:\Windows;C:\Windows\System32\Wbem;C:\Windows\System32\WindowsPowerShell\v1.0\;C:\Windows\System32\OpenSSH\;C:\Program Files (x86)\NVIDIA Corporation\PhysX\Common;C:\Program Files\NVIDIA Corporation\NVIDIA NvDLISR;C:\Program Files\Git\cmd;C:\Program Files\Docker\Docker\resources\bin;C:\Users\nilson\AppData\Local\Microsoft\WindowsApps;
USERNAME=nilson
OS=Windows_NT
PROCESSOR_IDENTIFIER=Intel64 Family 6 Model 58 Stepping 9, GenuineIntel
TMP=C:\Users\nilson\AppData\Local\Temp
TEMP=C:\Users\nilson\AppData\Local\Temp




Periodic native trim disabled

---------------  S Y S T E M  ---------------

OS:
 Windows 11 , 64 bit Build 22621 (10.0.22621.5415)
OS uptime: 0 days 15:24 hours
Hyper-V role detected

CPU: total 8 (initial active 8) (4 cores per cpu, 2 threads per core) family 6 model 58 stepping 9 microcode 0x21, cx8, cmov, fxsr, ht, mmx, sse, sse2, sse3, ssse3, sse4.1, sse4.2, popcnt, tsc, tscinvbit, avx, aes, erms, clmul, vzeroupper, clflush, hv, rdtscp, f16c
Processor Information for the first 8 processors :
  Max Mhz: 3901, Current Mhz: 3901, Mhz Limit: 3901

Memory: 4k page, system-wide physical 16326M (529M free)
TotalPageFile size 51326M (AvailPageFile size 5M)
current process WorkingSet (physical memory assigned to process): 334M, peak: 338M
current process commit charge ("private bytes"): 377M, peak: 410M

vm_info: OpenJDK 64-Bit Server VM (23.0.1+11-39) for windows-amd64 JRE (23.0.1+11-39), built on 2024-09-30T07:20:43Z with MS VC++ 17.6 (VS2022)

END.
